<?xml version="1.0" encoding="UTF-8"?>
<!-- Generated by org.testng.reporters.JUnitReportReporter -->
<testsuite hostname="dac-19" failures="0" tests="2" name="com.selenium.tests.SeleniumTest2" time="3.045" errors="0" timestamp="2024-12-21T19:10:26 IST" skipped="0">
  <testcase classname="com.selenium.tests.SeleniumTest2" name="testUIElements2" time="1.262"/>
  <testcase classname="com.selenium.tests.SeleniumTest2" name="testUIElements" time="1.783"/>
</testsuite> <!-- com.selenium.tests.SeleniumTest2 -->
