<?xml version="1.0" encoding="UTF-8"?>
<!-- Generated by org.testng.reporters.JUnitReportReporter -->
<testsuite hostname="dac-19" failures="0" tests="1" name="com.selenium.tests.SeleniumTest" time="2.281" errors="0" timestamp="2024-12-21T19:10:26 IST" skipped="0">
  <testcase classname="com.selenium.tests.SeleniumTest" name="testUIElements" time="2.281"/>
</testsuite> <!-- com.selenium.tests.SeleniumTest -->
